<?xml version="1.0" encoding="UTF-8"?>
<testsuite name="com.raduqg.siit.myapplication.ExampleUnitTest" tests="1" skipped="0" failures="0" errors="0" timestamp="2020-04-14T18:28:10" hostname="DESKTOP-9J273UB" time="0.0">
  <properties/>
  <testcase name="addition_isCorrect" classname="com.raduqg.siit.myapplication.ExampleUnitTest" time="0.0"/>
  <system-out><![CDATA[]]></system-out>
  <system-err><![CDATA[]]></system-err>
</testsuite>
